<?xml version="1.0" encoding="UTF-8"?>
<coverage generated="1781429139994" clover="3.2.0">
  <project timestamp="1781429139994" name="All files">
    <metrics statements="20" coveredstatements="20" conditionals="4" coveredconditionals="4" methods="7" coveredmethods="7" elements="31" coveredelements="31" complexity="0" loc="20" ncloc="20" packages="1" files="2" classes="2"/>
    <file name="Blog.jsx" path="C:\Users\Divyansh\Fullstack\part5\bloglist-frontend\src\components\Blog.jsx">
      <metrics statements="6" coveredstatements="6" conditionals="4" coveredconditionals="4" methods="2" coveredmethods="2"/>
      <line num="3" count="1" type="stmt"/>
      <line num="4" count="5" type="stmt"/>
      <line num="6" count="5" type="stmt"/>
      <line num="7" count="2" type="stmt"/>
      <line num="10" count="5" type="stmt"/>
      <line num="18" count="5" type="stmt"/>
    </file>
    <file name="NewBlog.jsx" path="C:\Users\Divyansh\Fullstack\part5\bloglist-frontend\src\components\NewBlog.jsx">
      <metrics statements="14" coveredstatements="14" conditionals="0" coveredconditionals="0" methods="5" coveredmethods="5"/>
      <line num="3" count="1" type="stmt"/>
      <line num="4" count="43" type="stmt"/>
      <line num="5" count="43" type="stmt"/>
      <line num="6" count="43" type="stmt"/>
      <line num="8" count="43" type="stmt"/>
      <line num="9" count="1" type="stmt"/>
      <line num="10" count="1" type="stmt"/>
      <line num="11" count="1" type="stmt"/>
      <line num="12" count="1" type="stmt"/>
      <line num="13" count="1" type="stmt"/>
      <line num="16" count="43" type="stmt"/>
      <line num="20" count="17" type="stmt"/>
      <line num="23" count="8" type="stmt"/>
      <line num="26" count="16" type="stmt"/>
    </file>
  </project>
</coverage>
