{"C:\\Users\\Divyansh\\Fullstack\\part5\\bloglist-frontend\\src\\components\\Blog.jsx": {"path":"C:\\Users\\Divyansh\\Fullstack\\part5\\bloglist-frontend\\src\\components\\Blog.jsx","statementMap":{"0":{"start":{"line":3,"column":6},"end":{"line":38,"column":null}},"1":{"start":{"line":4,"column":18},"end":{"line":4,"column":null}},"2":{"start":{"line":6,"column":8},"end":{"line":8,"column":null}},"3":{"start":{"line":7,"column":4},"end":{"line":7,"column":null}},"4":{"start":{"line":10,"column":20},"end":{"line":16,"column":null}},"5":{"start":{"line":18,"column":2},"end":{"line":36,"column":null}}},"fnMap":{"0":{"name":"(anonymous_0)","decl":{"start":{"line":3,"column":6},"end":{"line":3,"column":14}},"loc":{"start":{"line":3,"column":36},"end":{"line":38,"column":null}},"line":3},"1":{"name":"(anonymous_1)","decl":{"start":{"line":6,"column":8},"end":{"line":6,"column":33}},"loc":{"start":{"line":6,"column":33},"end":{"line":8,"column":null}},"line":6}},"branchMap":{"0":{"loc":{"start":{"line":22,"column":44},"end":{"line":22,"column":78}},"type":"cond-expr","locations":[{"start":{"line":22,"column":54},"end":{"line":22,"column":63}},{"start":{"line":22,"column":63},"end":{"line":22,"column":78}}],"line":22},"1":{"loc":{"start":{"line":26,"column":7},"end":{"line":36,"column":null}},"type":"binary-expr","locations":[{"start":{"line":26,"column":7},"end":{"line":26,"column":null}},{"start":{"line":27,"column":8},"end":{"line":36,"column":null}}],"line":26}},"s":{"0":1,"1":5,"2":5,"3":2,"4":5,"5":5},"f":{"0":5,"1":2},"b":{"0":[2,3],"1":[5,2]},"meta":{"lastBranch":2,"lastFunction":2,"lastStatement":6,"seen":{"s:3:6:38:Infinity":0,"f:3:6:3:14":0,"s:4:18:4:Infinity":1,"s:6:8:8:Infinity":2,"f:6:8:6:33":1,"s:7:4:7:Infinity":3,"s:10:20:16:Infinity":4,"s:18:2:36:Infinity":5,"b:22:54:22:63:22:63:22:78":0,"b:26:7:26:Infinity:27:8:36:Infinity":1},"fnNames":{}}}
,"C:\\Users\\Divyansh\\Fullstack\\part5\\bloglist-frontend\\src\\components\\NewBlog.jsx": {"path":"C:\\Users\\Divyansh\\Fullstack\\part5\\bloglist-frontend\\src\\components\\NewBlog.jsx","statementMap":{"0":{"start":{"line":3,"column":6},"end":{"line":32,"column":null}},"1":{"start":{"line":4,"column":16},"end":{"line":4,"column":null}},"2":{"start":{"line":5,"column":17},"end":{"line":5,"column":null}},"3":{"start":{"line":6,"column":14},"end":{"line":6,"column":null}},"4":{"start":{"line":8,"column":8},"end":{"line":14,"column":null}},"5":{"start":{"line":9,"column":4},"end":{"line":9,"column":null}},"6":{"start":{"line":10,"column":4},"end":{"line":10,"column":null}},"7":{"start":{"line":11,"column":4},"end":{"line":11,"column":null}},"8":{"start":{"line":12,"column":4},"end":{"line":12,"column":null}},"9":{"start":{"line":13,"column":4},"end":{"line":13,"column":null}},"10":{"start":{"line":16,"column":2},"end":{"line":30,"column":null}},"11":{"start":{"line":20,"column":90},"end":{"line":20,"column":112}},"12":{"start":{"line":23,"column":92},"end":{"line":23,"column":115}},"13":{"start":{"line":26,"column":86},"end":{"line":26,"column":106}}},"fnMap":{"0":{"name":"(anonymous_0)","decl":{"start":{"line":3,"column":6},"end":{"line":3,"column":17}},"loc":{"start":{"line":3,"column":36},"end":{"line":32,"column":null}},"line":3},"1":{"name":"(anonymous_1)","decl":{"start":{"line":8,"column":8},"end":{"line":8,"column":20}},"loc":{"start":{"line":8,"column":30},"end":{"line":14,"column":null}},"line":8},"2":{"name":"(anonymous_2)","decl":{"start":{"line":20,"column":63},"end":{"line":20,"column":74}},"loc":{"start":{"line":20,"column":89},"end":{"line":20,"column":116}},"line":20},"3":{"name":"(anonymous_3)","decl":{"start":{"line":23,"column":65},"end":{"line":23,"column":76}},"loc":{"start":{"line":23,"column":91},"end":{"line":23,"column":119}},"line":23},"4":{"name":"(anonymous_4)","decl":{"start":{"line":26,"column":59},"end":{"line":26,"column":70}},"loc":{"start":{"line":26,"column":85},"end":{"line":26,"column":110}},"line":26}},"branchMap":{},"s":{"0":1,"1":43,"2":43,"3":43,"4":43,"5":1,"6":1,"7":1,"8":1,"9":1,"10":43,"11":17,"12":8,"13":16},"f":{"0":43,"1":1,"2":17,"3":8,"4":16},"b":{},"meta":{"lastBranch":0,"lastFunction":5,"lastStatement":14,"seen":{"s:3:6:32:Infinity":0,"f:3:6:3:17":0,"s:4:16:4:Infinity":1,"s:5:17:5:Infinity":2,"s:6:14:6:Infinity":3,"s:8:8:14:Infinity":4,"f:8:8:8:20":1,"s:9:4:9:Infinity":5,"s:10:4:10:Infinity":6,"s:11:4:11:Infinity":7,"s:12:4:12:Infinity":8,"s:13:4:13:Infinity":9,"s:16:2:30:Infinity":10,"f:20:63:20:74":2,"s:20:90:20:112":11,"f:23:65:23:76":3,"s:23:92:23:115":12,"f:26:59:26:70":4,"s:26:86:26:106":13},"fnNames":{}}}
}
